<?xml version="1.0" encoding="UTF-8"?>
<testng-results skipped="0" failed="0" ignored="0" total="1" passed="1">
  <reporter-output>
  </reporter-output>
  <suite name="maven" duration-ms="173" started-at="2020-07-02T20:30:53 IST" finished-at="2020-07-02T20:30:54 IST">
    <groups>
    </groups>
    <test name="maven" duration-ms="173" started-at="2020-07-02T20:30:53 IST" finished-at="2020-07-02T20:30:54 IST">
      <class name="test.Testcase8">
        <test-method status="PASS" signature="maven()[pri:0, instance:test.Testcase8@5bcab519]" name="maven" duration-ms="18" started-at="2020-07-02T20:30:54 IST" finished-at="2020-07-02T20:30:54 IST">
          <reporter-output>
          </reporter-output>
        </test-method> <!-- maven -->
      </class> <!-- test.Testcase8 -->
    </test> <!-- maven -->
  </suite> <!-- maven -->
</testng-results>
