<?xml version="1.0" encoding="UTF-8"?>
<testng-results skipped="0" failed="0" total="1" passed="1">
  <reporter-output>
  </reporter-output>
  <suite name="maven" duration-ms="38" started-at="2020-07-02T04:59:58Z" finished-at="2020-07-02T04:59:58Z">
    <groups>
    </groups>
    <test name="maven" duration-ms="38" started-at="2020-07-02T04:59:58Z" finished-at="2020-07-02T04:59:58Z">
      <class name="test.Testcase8">
        <test-method status="PASS" signature="maven()[pri:0, instance:test.Testcase8@6d00a15d]" name="maven" duration-ms="14" started-at="2020-07-02T10:29:58Z" finished-at="2020-07-02T10:29:58Z">
          <reporter-output>
          </reporter-output>
        </test-method> <!-- maven -->
      </class> <!-- test.Testcase8 -->
    </test> <!-- maven -->
  </suite> <!-- maven -->
</testng-results>
