<?xml version="1.0" encoding="UTF-8"?>
<!-- Generated by org.testng.reporters.JUnitXMLReporter -->
<testsuite hostname="Dell-PC" name="Listenrers" tests="5" failures="1" timestamp="1 Jul 2020 02:59:33 GMT" time="0.081" errors="0">
  <testcase name="test1" time="0.02" classname="test.Testcase7"/>
  <testcase name="test2" time="0.0" classname="test.Testcase7"/>
  <testcase name="test3" time="0.0" classname="test.Testcase7"/>
  <testcase name="test4" time="0.011" classname="test.Testcase7">
    <failure type="java.lang.ArithmeticException" message="/ by zero">
      <![CDATA[java.lang.ArithmeticException: / by zero
	at test.Testcase7.test4(Testcase7.java:17)
	at java.util.concurrent.Executors$RunnableAdapter.call(Unknown Source)
	at java.util.concurrent.FutureTask.run(Unknown Source)
	at java.util.concurrent.ThreadPoolExecutor.runWorker(Unknown Source)
	at java.util.concurrent.ThreadPoolExecutor$Worker.run(Unknown Source)
	at java.lang.Thread.run(Unknown Source)
... Removed 7 stack frames]]>
    </failure>
  </testcase> <!-- test4 -->
  <testcase name="test5" time="0.0" classname="test.Testcase7">
    <skipped/>
  </testcase> <!-- test5 -->
</testsuite> <!-- Listenrers -->
