<?xml version="1.0" encoding="UTF-8"?>
<!-- Generated by org.testng.reporters.JUnitXMLReporter -->
<testsuite hostname="Dell-PC" name="testpractice" tests="5" failures="0" timestamp="29 Jun 2020 14:38:19 GMT" time="0.094" errors="0">
  <testcase name="testmethod" time="0.015" classname="test.BeforeMethodandAftermethod"/>
  <testcase name="befretestmethod" time="0.0" classname="test.BeforeTestandAfterTest"/>
  <testcase name="beforeclassmethod" time="0.0" classname="test.BeforeClassandAfterclass"/>
  <testcase name="suitmethod" time="0.0" classname="test.BeforesuitandAftersuit"/>
  <testcase name="f" time="0.0" classname="test.Fullsuit"/>
</testsuite> <!-- testpractice -->
